INFO:    Starting build...
Getting image source signatures
Copying blob sha256:68e7bb398b9ff421236990bfeaf5c1feab26c590eed93489e245375c23551e2a
Copying config sha256:7d6c428109ecfb4dcc7d966e3d21bb7a949a0680ba89cbd0dab65d77fe47758a
Writing manifest to image destination
Storing signatures
2022/03/01 19:00:33  info unpack layer: sha256:68e7bb398b9ff421236990bfeaf5c1feab26c590eed93489e245375c23551e2a
INFO:    Running post scriptlet
+ apt-get update
+ apt-get -y install --no-install-recommends cmake g++ make python ca-certificates git
debconf: delaying package configuration, since apt-utils is not installed
+ rm -rf /var/lib/apt/lists/archive.ubuntu.com_ubuntu_dists_bionic-backports_InRelease /var/lib/apt/lists/archive.ubuntu.com_ubuntu_dists_bionic-backports_main_binary-amd64_Packages.lz4 /var/lib/apt/lists/archive.ubuntu.com_ubuntu_dists_bionic-backports_universe_binary-amd64_Packages.lz4 /var/lib/apt/lists/archive.ubuntu.com_ubuntu_dists_bionic-updates_InRelease /var/lib/apt/lists/archive.ubuntu.com_ubuntu_dists_bionic-updates_main_binary-amd64_Packages.lz4 /var/lib/apt/lists/archive.ubuntu.com_ubuntu_dists_bionic-updates_multiverse_binary-amd64_Packages.lz4 /var/lib/apt/lists/archive.ubuntu.com_ubuntu_dists_bionic-updates_restricted_binary-amd64_Packages.lz4 /var/lib/apt/lists/archive.ubuntu.com_ubuntu_dists_bionic-updates_universe_binary-amd64_Packages.lz4 /var/lib/apt/lists/archive.ubuntu.com_ubuntu_dists_bionic_InRelease /var/lib/apt/lists/archive.ubuntu.com_ubuntu_dists_bionic_main_binary-amd64_Packages.lz4 /var/lib/apt/lists/archive.ubuntu.com_ubuntu_dists_bionic_multiverse_binary-amd64_Packages.lz4 /var/lib/apt/lists/archive.ubuntu.com_ubuntu_dists_bionic_restricted_binary-amd64_Packages.lz4 /var/lib/apt/lists/archive.ubuntu.com_ubuntu_dists_bionic_universe_binary-amd64_Packages.lz4 /var/lib/apt/lists/auxfiles /var/lib/apt/lists/lock /var/lib/apt/lists/partial /var/lib/apt/lists/security.ubuntu.com_ubuntu_dists_bionic-security_InRelease /var/lib/apt/lists/security.ubuntu.com_ubuntu_dists_bionic-security_main_binary-amd64_Packages.lz4 /var/lib/apt/lists/security.ubuntu.com_ubuntu_dists_bionic-security_multiverse_binary-amd64_Packages.lz4 /var/lib/apt/lists/security.ubuntu.com_ubuntu_dists_bionic-security_restricted_binary-amd64_Packages.lz4 /var/lib/apt/lists/security.ubuntu.com_ubuntu_dists_bionic-security_universe_binary-amd64_Packages.lz4
+ git clone -b ipc-2018-seq-opt https://bitbucket.org/ipc2018-classical/team44.git /planner
Cloning into '/planner'...
+ cd /planner
+ ./build.py release64
+ mkdir -p builds/h2-mutexes/
+ cd builds/h2-mutexes/
+ cmake ../../h2-mutexes/
+ make -j4
+ strip --strip-all /planner/builds/release64/bin/downward /planner/builds/h2-mutexes/bin/preprocess
+ apt-get -y autoremove cmake g++ make
+ rm -rf /var/lib/apt/lists/auxfiles
+ mkdir -p /compiled-planner/builds/release64
+ mv /planner/driver /planner/fast-downward.py /compiled-planner
+ mv /planner/builds/release64/bin /compiled-planner/builds/release64
+ mv /planner/builds/h2-mutexes/bin/preprocess /compiled-planner
+ rm -rf /planner
+ mv /compiled-planner /planner
INFO:    Adding labels
INFO:    Adding runscript
INFO:    Creating SIF file...
INFO:    Build complete: /home/genomorro/School/UNIR/RazonamientoPlanificacion/planners/scorpion/singularity.img
